2021-05-26 00:00:21.878  INFO 7916 --- [main] c.i.p.merchants.MerchantsApplication     : Starting MerchantsApplication on yk with PID 7916 (started by Administrator in E:\code\study\卡包应用)
2021-05-26 00:00:21.892  INFO 7916 --- [main] c.i.p.merchants.MerchantsApplication     : No active profile set, falling back to default profiles: default
2021-05-26 00:00:22.046  INFO 7916 --- [main] ationConfigEmbeddedWebApplicationContext : Refreshing org.springframework.boot.context.embedded.AnnotationConfigEmbeddedWebApplicationContext@3b35a229: startup date [Wed May 26 00:00:22 CST 2021]; root of context hierarchy
2021-05-26 00:00:26.304  INFO 7916 --- [main] trationDelegate$BeanPostProcessorChecker : Bean 'org.springframework.kafka.annotation.KafkaBootstrapConfiguration' of type [org.springframework.kafka.annotation.KafkaBootstrapConfiguration$$EnhancerBySpringCGLIB$$aea6f575] is not eligible for getting processed by all BeanPostProcessors (for example: not eligible for auto-proxying)
2021-05-26 00:00:27.880  INFO 7916 --- [main] s.b.c.e.t.TomcatEmbeddedServletContainer : Tomcat initialized with port(s): 9527 (http)
2021-05-26 00:00:27.951  INFO 7916 --- [main] o.apache.catalina.core.StandardService   : Starting service Tomcat
2021-05-26 00:00:27.960  INFO 7916 --- [main] org.apache.catalina.core.StandardEngine  : Starting Servlet Engine: Apache Tomcat/8.5.14
2021-05-26 00:00:28.284  INFO 7916 --- [localhost-startStop-1] o.a.c.c.C.[Tomcat].[localhost].[/]       : Initializing Spring embedded WebApplicationContext
2021-05-26 00:00:28.285  INFO 7916 --- [localhost-startStop-1] o.s.web.context.ContextLoader            : Root WebApplicationContext: initialization completed in 6245 ms
2021-05-26 00:00:28.813  INFO 7916 --- [localhost-startStop-1] o.s.b.w.servlet.ServletRegistrationBean  : Mapping servlet: 'dispatcherServlet' to [/]
2021-05-26 00:00:28.831  INFO 7916 --- [localhost-startStop-1] o.s.b.w.servlet.FilterRegistrationBean   : Mapping filter: 'characterEncodingFilter' to: [/*]
2021-05-26 00:00:28.832  INFO 7916 --- [localhost-startStop-1] o.s.b.w.servlet.FilterRegistrationBean   : Mapping filter: 'hiddenHttpMethodFilter' to: [/*]
2021-05-26 00:00:28.832  INFO 7916 --- [localhost-startStop-1] o.s.b.w.servlet.FilterRegistrationBean   : Mapping filter: 'httpPutFormContentFilter' to: [/*]
2021-05-26 00:00:28.832  INFO 7916 --- [localhost-startStop-1] o.s.b.w.servlet.FilterRegistrationBean   : Mapping filter: 'requestContextFilter' to: [/*]
2021-05-26 00:00:30.520  INFO 7916 --- [main] j.LocalContainerEntityManagerFactoryBean : Building JPA container EntityManagerFactory for persistence unit 'default'
2021-05-26 00:00:30.550  INFO 7916 --- [main] o.hibernate.jpa.internal.util.LogHelper  : HHH000204: Processing PersistenceUnitInfo [
	name: default
	...]
2021-05-26 00:00:30.666  INFO 7916 --- [main] org.hibernate.Version                    : HHH000412: Hibernate Core {5.0.12.Final}
2021-05-26 00:00:30.668  INFO 7916 --- [main] org.hibernate.cfg.Environment            : HHH000206: hibernate.properties not found
2021-05-26 00:00:30.669  INFO 7916 --- [main] org.hibernate.cfg.Environment            : HHH000021: Bytecode provider name : javassist
2021-05-26 00:00:30.734  INFO 7916 --- [main] o.hibernate.annotations.common.Version   : HCANN000001: Hibernate Commons Annotations {5.0.1.Final}
2021-05-26 00:00:31.142  INFO 7916 --- [main] org.hibernate.dialect.Dialect            : HHH000400: Using dialect: org.hibernate.dialect.MySQL5Dialect
2021-05-26 00:00:32.031  INFO 7916 --- [main] j.LocalContainerEntityManagerFactoryBean : Initialized JPA EntityManagerFactory for persistence unit 'default'
2021-05-26 00:00:32.090  WARN 7916 --- [main] ationConfigEmbeddedWebApplicationContext : Exception encountered during context initialization - cancelling refresh attempt: org.springframework.beans.factory.BeanCreationException: Error creating bean with name 'merchantsApplication': Injection of resource dependencies failed; nested exception is org.springframework.beans.factory.NoSuchBeanDefinitionException: No qualifying bean of type 'com.imooc.passbook.merchants.security.AuthCheckIntercepter' available: expected at least 1 bean which qualifies as autowire candidate. Dependency annotations: {@javax.annotation.Resource(shareable=true, lookup=, name=, description=, authenticationType=CONTAINER, type=class java.lang.Object, mappedName=)}
2021-05-26 00:00:32.091  INFO 7916 --- [main] j.LocalContainerEntityManagerFactoryBean : Closing JPA EntityManagerFactory for persistence unit 'default'
2021-05-26 00:00:32.102  INFO 7916 --- [main] o.apache.catalina.core.StandardService   : Stopping service Tomcat
2021-05-26 00:00:32.128  INFO 7916 --- [main] utoConfigurationReportLoggingInitializer : 

Error starting ApplicationContext. To display the auto-configuration report re-run your application with 'debug' enabled.
2021-05-26 00:00:32.475 ERROR 7916 --- [main] o.s.b.d.LoggingFailureAnalysisReporter   : 

***************************
APPLICATION FAILED TO START
***************************

Description:

A component required a bean of type 'com.imooc.passbook.merchants.security.AuthCheckIntercepter' that could not be found.


Action:

Consider defining a bean of type 'com.imooc.passbook.merchants.security.AuthCheckIntercepter' in your configuration.

2021-05-26 00:15:58.708  INFO 16348 --- [main] c.i.p.merchants.MerchantsApplication     : Starting MerchantsApplication on yk with PID 16348 (started by Administrator in E:\code\study\卡包应用)
2021-05-26 00:15:58.713  INFO 16348 --- [main] c.i.p.merchants.MerchantsApplication     : No active profile set, falling back to default profiles: default
2021-05-26 00:15:58.900  INFO 16348 --- [main] ationConfigEmbeddedWebApplicationContext : Refreshing org.springframework.boot.context.embedded.AnnotationConfigEmbeddedWebApplicationContext@3b35a229: startup date [Wed May 26 00:15:58 CST 2021]; root of context hierarchy
2021-05-26 00:16:01.457  INFO 16348 --- [main] trationDelegate$BeanPostProcessorChecker : Bean 'org.springframework.kafka.annotation.KafkaBootstrapConfiguration' of type [org.springframework.kafka.annotation.KafkaBootstrapConfiguration$$EnhancerBySpringCGLIB$$beff046e] is not eligible for getting processed by all BeanPostProcessors (for example: not eligible for auto-proxying)
2021-05-26 00:16:02.414  INFO 16348 --- [main] s.b.c.e.t.TomcatEmbeddedServletContainer : Tomcat initialized with port(s): 9527 (http)
2021-05-26 00:16:02.442  INFO 16348 --- [main] o.apache.catalina.core.StandardService   : Starting service Tomcat
2021-05-26 00:16:02.445  INFO 16348 --- [main] org.apache.catalina.core.StandardEngine  : Starting Servlet Engine: Apache Tomcat/8.5.14
2021-05-26 00:16:02.695  INFO 16348 --- [localhost-startStop-1] o.a.c.c.C.[Tomcat].[localhost].[/]       : Initializing Spring embedded WebApplicationContext
2021-05-26 00:16:02.695  INFO 16348 --- [localhost-startStop-1] o.s.web.context.ContextLoader            : Root WebApplicationContext: initialization completed in 3800 ms
2021-05-26 00:16:03.066  INFO 16348 --- [localhost-startStop-1] o.s.b.w.servlet.ServletRegistrationBean  : Mapping servlet: 'dispatcherServlet' to [/]
2021-05-26 00:16:03.074  INFO 16348 --- [localhost-startStop-1] o.s.b.w.servlet.FilterRegistrationBean   : Mapping filter: 'characterEncodingFilter' to: [/*]
2021-05-26 00:16:03.075  INFO 16348 --- [localhost-startStop-1] o.s.b.w.servlet.FilterRegistrationBean   : Mapping filter: 'hiddenHttpMethodFilter' to: [/*]
2021-05-26 00:16:03.076  INFO 16348 --- [localhost-startStop-1] o.s.b.w.servlet.FilterRegistrationBean   : Mapping filter: 'httpPutFormContentFilter' to: [/*]
2021-05-26 00:16:03.076  INFO 16348 --- [localhost-startStop-1] o.s.b.w.servlet.FilterRegistrationBean   : Mapping filter: 'requestContextFilter' to: [/*]
2021-05-26 00:16:04.324  INFO 16348 --- [main] j.LocalContainerEntityManagerFactoryBean : Building JPA container EntityManagerFactory for persistence unit 'default'
2021-05-26 00:16:04.352  INFO 16348 --- [main] o.hibernate.jpa.internal.util.LogHelper  : HHH000204: Processing PersistenceUnitInfo [
	name: default
	...]
2021-05-26 00:16:04.473  INFO 16348 --- [main] org.hibernate.Version                    : HHH000412: Hibernate Core {5.0.12.Final}
2021-05-26 00:16:04.476  INFO 16348 --- [main] org.hibernate.cfg.Environment            : HHH000206: hibernate.properties not found
2021-05-26 00:16:04.477  INFO 16348 --- [main] org.hibernate.cfg.Environment            : HHH000021: Bytecode provider name : javassist
2021-05-26 00:16:04.568  INFO 16348 --- [main] o.hibernate.annotations.common.Version   : HCANN000001: Hibernate Commons Annotations {5.0.1.Final}
2021-05-26 00:16:04.933  INFO 16348 --- [main] org.hibernate.dialect.Dialect            : HHH000400: Using dialect: org.hibernate.dialect.MySQL5Dialect
2021-05-26 00:16:05.682  INFO 16348 --- [main] j.LocalContainerEntityManagerFactoryBean : Initialized JPA EntityManagerFactory for persistence unit 'default'
2021-05-26 00:16:05.725  WARN 16348 --- [main] ationConfigEmbeddedWebApplicationContext : Exception encountered during context initialization - cancelling refresh attempt: org.springframework.beans.factory.BeanCreationException: Error creating bean with name 'merchantsApplication': Injection of resource dependencies failed; nested exception is org.springframework.beans.factory.NoSuchBeanDefinitionException: No qualifying bean of type 'com.imooc.passbook.merchants.security.AuthCheckIntercepter' available: expected at least 1 bean which qualifies as autowire candidate. Dependency annotations: {@javax.annotation.Resource(shareable=true, lookup=, name=, description=, authenticationType=CONTAINER, type=class java.lang.Object, mappedName=)}
2021-05-26 00:16:05.726  INFO 16348 --- [main] j.LocalContainerEntityManagerFactoryBean : Closing JPA EntityManagerFactory for persistence unit 'default'
2021-05-26 00:16:05.737  INFO 16348 --- [main] o.apache.catalina.core.StandardService   : Stopping service Tomcat
2021-05-26 00:16:05.762  INFO 16348 --- [main] utoConfigurationReportLoggingInitializer : 

Error starting ApplicationContext. To display the auto-configuration report re-run your application with 'debug' enabled.
2021-05-26 00:16:05.968 ERROR 16348 --- [main] o.s.b.d.LoggingFailureAnalysisReporter   : 

***************************
APPLICATION FAILED TO START
***************************

Description:

A component required a bean of type 'com.imooc.passbook.merchants.security.AuthCheckIntercepter' that could not be found.


Action:

Consider defining a bean of type 'com.imooc.passbook.merchants.security.AuthCheckIntercepter' in your configuration.

2021-05-26 00:17:17.330  INFO 3000 --- [main] c.i.p.merchants.MerchantsApplication     : Starting MerchantsApplication on yk with PID 3000 (started by Administrator in E:\code\study\卡包应用)
2021-05-26 00:17:17.336  INFO 3000 --- [main] c.i.p.merchants.MerchantsApplication     : No active profile set, falling back to default profiles: default
2021-05-26 00:17:17.518  INFO 3000 --- [main] ationConfigEmbeddedWebApplicationContext : Refreshing org.springframework.boot.context.embedded.AnnotationConfigEmbeddedWebApplicationContext@3b35a229: startup date [Wed May 26 00:17:17 CST 2021]; root of context hierarchy
2021-05-26 00:17:20.309  INFO 3000 --- [main] trationDelegate$BeanPostProcessorChecker : Bean 'org.springframework.kafka.annotation.KafkaBootstrapConfiguration' of type [org.springframework.kafka.annotation.KafkaBootstrapConfiguration$$EnhancerBySpringCGLIB$$aea6f575] is not eligible for getting processed by all BeanPostProcessors (for example: not eligible for auto-proxying)
2021-05-26 00:17:21.483  INFO 3000 --- [main] s.b.c.e.t.TomcatEmbeddedServletContainer : Tomcat initialized with port(s): 9527 (http)
2021-05-26 00:17:21.504  INFO 3000 --- [main] o.apache.catalina.core.StandardService   : Starting service Tomcat
2021-05-26 00:17:21.507  INFO 3000 --- [main] org.apache.catalina.core.StandardEngine  : Starting Servlet Engine: Apache Tomcat/8.5.14
2021-05-26 00:17:21.794  INFO 3000 --- [localhost-startStop-1] o.a.c.c.C.[Tomcat].[localhost].[/]       : Initializing Spring embedded WebApplicationContext
2021-05-26 00:17:21.794  INFO 3000 --- [localhost-startStop-1] o.s.web.context.ContextLoader            : Root WebApplicationContext: initialization completed in 4283 ms
2021-05-26 00:17:22.180  INFO 3000 --- [localhost-startStop-1] o.s.b.w.servlet.ServletRegistrationBean  : Mapping servlet: 'dispatcherServlet' to [/]
2021-05-26 00:17:22.190  INFO 3000 --- [localhost-startStop-1] o.s.b.w.servlet.FilterRegistrationBean   : Mapping filter: 'characterEncodingFilter' to: [/*]
2021-05-26 00:17:22.192  INFO 3000 --- [localhost-startStop-1] o.s.b.w.servlet.FilterRegistrationBean   : Mapping filter: 'hiddenHttpMethodFilter' to: [/*]
2021-05-26 00:17:22.192  INFO 3000 --- [localhost-startStop-1] o.s.b.w.servlet.FilterRegistrationBean   : Mapping filter: 'httpPutFormContentFilter' to: [/*]
2021-05-26 00:17:22.193  INFO 3000 --- [localhost-startStop-1] o.s.b.w.servlet.FilterRegistrationBean   : Mapping filter: 'requestContextFilter' to: [/*]
2021-05-26 00:17:23.370  INFO 3000 --- [main] j.LocalContainerEntityManagerFactoryBean : Building JPA container EntityManagerFactory for persistence unit 'default'
2021-05-26 00:17:23.399  INFO 3000 --- [main] o.hibernate.jpa.internal.util.LogHelper  : HHH000204: Processing PersistenceUnitInfo [
	name: default
	...]
2021-05-26 00:17:23.608  INFO 3000 --- [main] org.hibernate.Version                    : HHH000412: Hibernate Core {5.0.12.Final}
2021-05-26 00:17:23.611  INFO 3000 --- [main] org.hibernate.cfg.Environment            : HHH000206: hibernate.properties not found
2021-05-26 00:17:23.614  INFO 3000 --- [main] org.hibernate.cfg.Environment            : HHH000021: Bytecode provider name : javassist
2021-05-26 00:17:23.687  INFO 3000 --- [main] o.hibernate.annotations.common.Version   : HCANN000001: Hibernate Commons Annotations {5.0.1.Final}
2021-05-26 00:17:24.065  INFO 3000 --- [main] org.hibernate.dialect.Dialect            : HHH000400: Using dialect: org.hibernate.dialect.MySQL5Dialect
2021-05-26 00:17:24.787  INFO 3000 --- [main] j.LocalContainerEntityManagerFactoryBean : Initialized JPA EntityManagerFactory for persistence unit 'default'
2021-05-26 00:17:24.821  WARN 3000 --- [main] ationConfigEmbeddedWebApplicationContext : Exception encountered during context initialization - cancelling refresh attempt: org.springframework.beans.factory.BeanCreationException: Error creating bean with name 'merchantsApplication': Injection of resource dependencies failed; nested exception is org.springframework.beans.factory.NoSuchBeanDefinitionException: No qualifying bean of type 'com.imooc.passbook.merchants.security.AuthCheckIntercepter' available: expected at least 1 bean which qualifies as autowire candidate. Dependency annotations: {@javax.annotation.Resource(shareable=true, lookup=, name=, description=, authenticationType=CONTAINER, type=class java.lang.Object, mappedName=)}
2021-05-26 00:17:24.822  INFO 3000 --- [main] j.LocalContainerEntityManagerFactoryBean : Closing JPA EntityManagerFactory for persistence unit 'default'
2021-05-26 00:17:24.833  INFO 3000 --- [main] o.apache.catalina.core.StandardService   : Stopping service Tomcat
2021-05-26 00:17:24.855  INFO 3000 --- [main] utoConfigurationReportLoggingInitializer : 

Error starting ApplicationContext. To display the auto-configuration report re-run your application with 'debug' enabled.
2021-05-26 00:17:25.069 ERROR 3000 --- [main] o.s.b.d.LoggingFailureAnalysisReporter   : 

***************************
APPLICATION FAILED TO START
***************************

Description:

A component required a bean of type 'com.imooc.passbook.merchants.security.AuthCheckIntercepter' that could not be found.


Action:

Consider defining a bean of type 'com.imooc.passbook.merchants.security.AuthCheckIntercepter' in your configuration.

2021-05-26 00:33:03.490  INFO 8076 --- [main] c.i.p.merchants.MerchantsApplication     : Starting MerchantsApplication on yk with PID 8076 (started by Administrator in E:\code\study\卡包应用)
2021-05-26 00:33:03.507  INFO 8076 --- [main] c.i.p.merchants.MerchantsApplication     : No active profile set, falling back to default profiles: default
2021-05-26 00:33:03.631  INFO 8076 --- [main] ationConfigEmbeddedWebApplicationContext : Refreshing org.springframework.boot.context.embedded.AnnotationConfigEmbeddedWebApplicationContext@3b35a229: startup date [Wed May 26 00:33:03 CST 2021]; root of context hierarchy
2021-05-26 00:33:06.851  INFO 8076 --- [main] trationDelegate$BeanPostProcessorChecker : Bean 'org.springframework.kafka.annotation.KafkaBootstrapConfiguration' of type [org.springframework.kafka.annotation.KafkaBootstrapConfiguration$$EnhancerBySpringCGLIB$$ed8d9f63] is not eligible for getting processed by all BeanPostProcessors (for example: not eligible for auto-proxying)
2021-05-26 00:33:07.974  INFO 8076 --- [main] s.b.c.e.t.TomcatEmbeddedServletContainer : Tomcat initialized with port(s): 9527 (http)
2021-05-26 00:33:08.067  INFO 8076 --- [main] o.apache.catalina.core.StandardService   : Starting service Tomcat
2021-05-26 00:33:08.070  INFO 8076 --- [main] org.apache.catalina.core.StandardEngine  : Starting Servlet Engine: Apache Tomcat/8.5.14
2021-05-26 00:33:08.461  INFO 8076 --- [localhost-startStop-1] o.a.c.c.C.[Tomcat].[localhost].[/]       : Initializing Spring embedded WebApplicationContext
2021-05-26 00:33:08.463  INFO 8076 --- [localhost-startStop-1] o.s.web.context.ContextLoader            : Root WebApplicationContext: initialization completed in 4836 ms
2021-05-26 00:33:08.994  INFO 8076 --- [localhost-startStop-1] o.s.b.w.servlet.ServletRegistrationBean  : Mapping servlet: 'dispatcherServlet' to [/]
2021-05-26 00:33:09.006  INFO 8076 --- [localhost-startStop-1] o.s.b.w.servlet.FilterRegistrationBean   : Mapping filter: 'characterEncodingFilter' to: [/*]
2021-05-26 00:33:09.007  INFO 8076 --- [localhost-startStop-1] o.s.b.w.servlet.FilterRegistrationBean   : Mapping filter: 'hiddenHttpMethodFilter' to: [/*]
2021-05-26 00:33:09.007  INFO 8076 --- [localhost-startStop-1] o.s.b.w.servlet.FilterRegistrationBean   : Mapping filter: 'httpPutFormContentFilter' to: [/*]
2021-05-26 00:33:09.009  INFO 8076 --- [localhost-startStop-1] o.s.b.w.servlet.FilterRegistrationBean   : Mapping filter: 'requestContextFilter' to: [/*]
2021-05-26 00:33:10.427  INFO 8076 --- [main] j.LocalContainerEntityManagerFactoryBean : Building JPA container EntityManagerFactory for persistence unit 'default'
2021-05-26 00:33:10.472  INFO 8076 --- [main] o.hibernate.jpa.internal.util.LogHelper  : HHH000204: Processing PersistenceUnitInfo [
	name: default
	...]
2021-05-26 00:33:10.612  INFO 8076 --- [main] org.hibernate.Version                    : HHH000412: Hibernate Core {5.0.12.Final}
2021-05-26 00:33:10.614  INFO 8076 --- [main] org.hibernate.cfg.Environment            : HHH000206: hibernate.properties not found
2021-05-26 00:33:10.616  INFO 8076 --- [main] org.hibernate.cfg.Environment            : HHH000021: Bytecode provider name : javassist
2021-05-26 00:33:10.754  INFO 8076 --- [main] o.hibernate.annotations.common.Version   : HCANN000001: Hibernate Commons Annotations {5.0.1.Final}
2021-05-26 00:33:11.148  INFO 8076 --- [main] org.hibernate.dialect.Dialect            : HHH000400: Using dialect: org.hibernate.dialect.MySQL5Dialect
2021-05-26 00:33:12.045  INFO 8076 --- [main] j.LocalContainerEntityManagerFactoryBean : Initialized JPA EntityManagerFactory for persistence unit 'default'
2021-05-26 00:33:12.087  WARN 8076 --- [main] ationConfigEmbeddedWebApplicationContext : Exception encountered during context initialization - cancelling refresh attempt: org.springframework.beans.factory.BeanCreationException: Error creating bean with name 'merchantsApplication': Injection of resource dependencies failed; nested exception is org.springframework.beans.factory.NoSuchBeanDefinitionException: No qualifying bean of type 'com.imooc.passbook.merchants.security.AuthCheckIntercepter' available: expected at least 1 bean which qualifies as autowire candidate. Dependency annotations: {@javax.annotation.Resource(shareable=true, lookup=, name=, description=, authenticationType=CONTAINER, type=class java.lang.Object, mappedName=)}
2021-05-26 00:33:12.087  INFO 8076 --- [main] j.LocalContainerEntityManagerFactoryBean : Closing JPA EntityManagerFactory for persistence unit 'default'
2021-05-26 00:33:12.127  INFO 8076 --- [main] o.apache.catalina.core.StandardService   : Stopping service Tomcat
2021-05-26 00:33:12.154  INFO 8076 --- [main] utoConfigurationReportLoggingInitializer : 

Error starting ApplicationContext. To display the auto-configuration report re-run your application with 'debug' enabled.
2021-05-26 00:33:12.389 ERROR 8076 --- [main] o.s.b.d.LoggingFailureAnalysisReporter   : 

***************************
APPLICATION FAILED TO START
***************************

Description:

A component required a bean of type 'com.imooc.passbook.merchants.security.AuthCheckIntercepter' that could not be found.


Action:

Consider defining a bean of type 'com.imooc.passbook.merchants.security.AuthCheckIntercepter' in your configuration.

